[2026-02-19 10:56:21,838] 1025 httpx - INFO - HTTP Request: GET https://dagshub.com/api/v1/user "HTTP/1.1 200 OK"
[2026-02-19 10:56:21,842] 107 dagshub - INFO - Accessing as shreyakush013
[2026-02-19 10:56:22,809] 1025 httpx - INFO - HTTP Request: GET https://dagshub.com/api/v1/repos/shreyakush013/network_security "HTTP/1.1 200 OK"
[2026-02-19 10:56:23,803] 1025 httpx - INFO - HTTP Request: GET https://dagshub.com/api/v1/user "HTTP/1.1 200 OK"
[2026-02-19 10:56:23,808] 107 dagshub - INFO - Initialized MLflow to track repo "shreyakush013/network_security"
[2026-02-19 10:56:23,810] 107 dagshub - INFO - Repository shreyakush013/network_security initialized!
[2026-02-19 10:56:23,811] 17 root - INFO - Initiate the data ingestion
[2026-02-19 10:56:31,599] 66 root - INFO - Performed train test split on the dataframe
[2026-02-19 10:56:31,599] 68 root - INFO - Excited split_data_as_train_test method of Data_Ingestion class
[2026-02-19 10:56:31,600] 73 root - INFO - Exporting train and test file path.
[2026-02-19 10:56:31,721] 84 root - INFO - Exported train and test file path
[2026-02-19 10:56:31,722] 20 root - INFO - Data initiation Completed
[2026-02-19 10:56:31,733] 25 root - INFO - Initiate_data_validation
[2026-02-19 10:56:31,770] 32 root - INFO - Required number of columns:2
[2026-02-19 10:56:31,770] 33 root - INFO - Dataframe has columns:31
[2026-02-19 10:56:32,055] 28 root - INFO - Data validation completed
[2026-02-19 10:56:32,057] 31 root - INFO - Data Transformation started
[2026-02-19 10:56:32,057] 52 root - INFO - Entered initiate data_data_transformation method of DataTansformation class
[2026-02-19 10:56:32,057] 54 root - INFO - Starting data transformation
[2026-02-19 10:56:32,117] 38 root - INFO - Enterted get_data_transformer_object method of dataTransformation class
[2026-02-19 10:56:32,117] 42 root - INFO - Initialise KNNImputer with {'missing_values': nan, 'n_neighbors': 3, 'weights': 'uniform'}
[2026-02-19 10:56:32,154] 47 root - INFO - Entered the save_object method of  main utils calss
[2026-02-19 10:56:32,161] 51 root - INFO - Exited the save object method of main utils class
[2026-02-19 10:56:32,161] 47 root - INFO - Entered the save_object method of  main utils calss
[2026-02-19 10:56:32,165] 51 root - INFO - Exited the save object method of main utils class
[2026-02-19 10:56:32,168] 38 root - INFO - Data Transformation completed
[2026-02-19 10:56:32,168] 40 root - INFO - Model trainer started
[2026-02-19 10:57:14,531] 47 root - INFO - Entered the save_object method of  main utils calss
[2026-02-19 10:57:14,532] 51 root - INFO - Exited the save object method of main utils class
[2026-02-19 10:57:14,532] 47 root - INFO - Entered the save_object method of  main utils calss
[2026-02-19 10:57:14,624] 51 root - INFO - Exited the save object method of main utils class
[2026-02-19 10:57:14,624] 114 root - INFO - Model Trainer Artifact: ModelTrainerArtifact(trained_model_file_path='Artifacts\\02_19_2026_10_56_19\\model trainer\\trained model\\model.pkl', train_metric_artifact=ClassificationMetricArtifact(f1_score=0.9910796677945247, precision_score=0.9893551688843398, recall_score=0.9928101889893179), test_metric_artifact=ClassificationMetricArtifact(f1_score=0.9748159628051143, precision_score=0.9736842105263158, recall_score=0.9759503491078355))
[2026-02-19 10:57:14,640] 45 root - INFO - Model training artifact created
